<?xml version="1.0" encoding="UTF-8"?>
<!-- Generated by org.testng.reporters.JUnitReportReporter -->
<testsuite skipped="0" hostname="DESKTOP-83VDC6S" name="com.crm.qa.testcases.HomePageTest" tests="3" failures="0" timestamp="27 Apr 2018 22:31:42 GMT" time="95.610" errors="0">
  <testcase name="verifyHomePageTitleTest" time="33.696" classname="com.crm.qa.testcases.HomePageTest"/>
  <testcase name="verifyUserNameTest" time="33.500" classname="com.crm.qa.testcases.HomePageTest"/>
  <testcase name="verifyContactsLinkTest" time="28.414" classname="com.crm.qa.testcases.HomePageTest"/>
</testsuite> <!-- com.crm.qa.testcases.HomePageTest -->
