<?xml version="1.0" encoding="UTF-8"?>
<!-- Generated by org.testng.reporters.JUnitReportReporter -->
<testsuite skipped="0" hostname="DESKTOP-83VDC6S" name="com.crm.qa.testcases.LoginPageTest" tests="3" failures="0" timestamp="27 Apr 2018 22:24:16 GMT" time="61.668" errors="0">
  <testcase name="LoginPageTitleTest" time="23.660" classname="com.crm.qa.testcases.LoginPageTest"/>
  <testcase name="crmLogoImageTest" time="18.155" classname="com.crm.qa.testcases.LoginPageTest"/>
  <testcase name="loginTest" time="19.853" classname="com.crm.qa.testcases.LoginPageTest"/>
</testsuite> <!-- com.crm.qa.testcases.LoginPageTest -->
